node:events:487
      throw er; // Unhandled 'error' event
      ^

Error: listen EADDRINUSE: address already in use :::3000
    at Server.setupListenHandle [as _listen2] (node:net:2008:16)
    at listenInCluster (node:net:2065:12)
    at Server.listen (node:net:2170:7)
    at app.listen (/Users/macbook/Documents/antigravity/quirky-borg/node_modules/express/lib/application.js:635:24)
    at Object.<anonymous> (/Users/macbook/Documents/antigravity/quirky-borg/server.js:484:5)
    at Module._compile (node:internal/modules/cjs/loader:1854:14)
    at Object..js (node:internal/modules/cjs/loader:1985:10)
    at Module.load (node:internal/modules/cjs/loader:1577:32)
    at Module._load (node:internal/modules/cjs/loader:1379:12)
    at wrapModuleLoad (node:internal/modules/cjs/loader:255:19)
Emitted 'error' event on Server instance at:
    at emitErrorNT (node:net:2044:8)
    at process.processTicksAndRejections (node:internal/process/task_queues:90:21) {
  code: 'EADDRINUSE',
  errno: -48,
  syscall: 'listen',
  address: '::',
  port: 3000
}

Node.js v24.16.0
node:events:487
      throw er; // Unhandled 'error' event
      ^

Error: listen EADDRINUSE: address already in use :::3000
    at Server.setupListenHandle [as _listen2] (node:net:2008:16)
    at listenInCluster (node:net:2065:12)
    at Server.listen (node:net:2170:7)
    at app.listen (/Users/macbook/Documents/antigravity/quirky-borg/node_modules/express/lib/application.js:635:24)
    at Object.<anonymous> (/Users/macbook/Documents/antigravity/quirky-borg/server.js:484:5)
    at Module._compile (node:internal/modules/cjs/loader:1854:14)
    at Object..js (node:internal/modules/cjs/loader:1985:10)
    at Module.load (node:internal/modules/cjs/loader:1577:32)
    at Module._load (node:internal/modules/cjs/loader:1379:12)
    at wrapModuleLoad (node:internal/modules/cjs/loader:255:19)
Emitted 'error' event on Server instance at:
    at emitErrorNT (node:net:2044:8)
    at process.processTicksAndRejections (node:internal/process/task_queues:90:21) {
  code: 'EADDRINUSE',
  errno: -48,
  syscall: 'listen',
  address: '::',
  port: 3000
}

Node.js v24.16.0
/Users/macbook/Documents/antigravity/quirky-borg/server.js:338
  const atr = inst.priceHistory.length > 14 ? calcRSI(inst.priceHistory) * price * 0.002 : price * 0.01;
                                       ^

ReferenceError: calcRSI is not defined
    at executeTrade (/Users/macbook/Documents/antigravity/quirky-borg/server.js:338:40)
    at pollSignals (/Users/macbook/Documents/antigravity/quirky-borg/server.js:310:21)
    at process.processTicksAndRejections (node:internal/process/task_queues:104:5)
    at async Timeout._onTimeout (/Users/macbook/Documents/antigravity/quirky-borg/server.js:477:7)

Node.js v24.16.0
/Users/macbook/Documents/antigravity/quirky-borg/server.js:338
  const atr = inst.priceHistory.length > 14 ? calcRSI(inst.priceHistory) * price * 0.002 : price * 0.01;
                                       ^

ReferenceError: calcRSI is not defined
    at executeTrade (/Users/macbook/Documents/antigravity/quirky-borg/server.js:338:40)
    at pollSignals (/Users/macbook/Documents/antigravity/quirky-borg/server.js:310:21)
    at process.processTicksAndRejections (node:internal/process/task_queues:104:5)
    at async Timeout._onTimeout (/Users/macbook/Documents/antigravity/quirky-borg/server.js:477:7)

Node.js v24.16.0
